<?xml version="1.0" encoding="UTF-8"?>
<!-- Generated by org.testng.reporters.JUnitXMLReporter -->
<testsuite ignored="0" hostname="LAPTOP-M7E35HJA" failures="0" tests="3" name="Test1" time="76.425" errors="0" timestamp="2025-03-20T20:28:29 IST">
  <testcase classname="LoginTest.LoginTest" name="loginTest" time="26.265"/>
  <testcase classname="CampaignTest.CreateCampaign" name="createCampaignTest" time="26.458"/>
  <testcase classname="CampaignTest.CreateCampaign" name="createCampaignWithDateTest" time="23.621"/>
</testsuite> <!-- Test1 -->
