<?xml version="1.0" encoding="UTF-8"?>
<!-- Generated by org.testng.reporters.JUnitXMLReporter -->
<testsuite ignored="0" hostname="LAPTOP-M7E35HJA" failures="0" tests="5" name="Test_chrome" time="160.329" errors="0" timestamp="2025-03-21T20:26:19 IST">
  <testcase classname="LoginTest.LoginTest" name="loginTest" time="26.873"/>
  <testcase classname="CampaignTest.CreateCampaign" name="createCampaignTest" time="28.768"/>
  <testcase classname="CampaignTest.CreateCampaign" name="createCampaignWithDateTest" time="30.935"/>
  <testcase classname="ProductTest.CreateProduct" name="createProductTest" time="31.701"/>
  <testcase classname="ContactTest.CreateContact" name="createContectWithCampaignTest" time="41.897"/>
</testsuite> <!-- Test_chrome -->
